d:\projects\personal\eny1n\app\x64\debug\vc143.pdb
d:\projects\personal\eny1n\app\x64\debug\vc143.idb
d:\projects\personal\eny1n\app\x64\debug\main.obj
d:\projects\personal\eny1n\app\x64\debug\app.ilk
d:\projects\personal\eny1n\app\x64\debug\app.pdb
d:\projects\personal\eny1n\app\x64\debug\app.tlog\cl.command.1.tlog
d:\projects\personal\eny1n\app\x64\debug\app.tlog\cl.items.tlog
d:\projects\personal\eny1n\app\x64\debug\app.tlog\cl.read.1.tlog
d:\projects\personal\eny1n\app\x64\debug\app.tlog\cl.write.1.tlog
d:\projects\personal\eny1n\app\x64\debug\app.tlog\link-cvtres.read.1.tlog
d:\projects\personal\eny1n\app\x64\debug\app.tlog\link-cvtres.write.1.tlog
d:\projects\personal\eny1n\app\x64\debug\app.tlog\link-rc.read.1.tlog
d:\projects\personal\eny1n\app\x64\debug\app.tlog\link-rc.write.1.tlog
d:\projects\personal\eny1n\app\x64\debug\app.tlog\link.22124-cvtres.read.1.tlog
d:\projects\personal\eny1n\app\x64\debug\app.tlog\link.22124-cvtres.write.1.tlog
d:\projects\personal\eny1n\app\x64\debug\app.tlog\link.22124-rc.read.1.tlog
d:\projects\personal\eny1n\app\x64\debug\app.tlog\link.22124-rc.write.1.tlog
d:\projects\personal\eny1n\app\x64\debug\app.tlog\link.22124.read.1.tlog
d:\projects\personal\eny1n\app\x64\debug\app.tlog\link.22124.read.2.tlog
d:\projects\personal\eny1n\app\x64\debug\app.tlog\link.22124.read.3.tlog
d:\projects\personal\eny1n\app\x64\debug\app.tlog\link.22124.read.4.tlog
d:\projects\personal\eny1n\app\x64\debug\app.tlog\link.22124.read.5.tlog
d:\projects\personal\eny1n\app\x64\debug\app.tlog\link.22124.write.1.tlog
d:\projects\personal\eny1n\app\x64\debug\app.tlog\link.command.1.tlog
d:\projects\personal\eny1n\app\x64\debug\app.tlog\link.read.1.tlog
d:\projects\personal\eny1n\app\x64\debug\app.tlog\link.read.2.tlog
d:\projects\personal\eny1n\app\x64\debug\app.tlog\link.read.3.tlog
d:\projects\personal\eny1n\app\x64\debug\app.tlog\link.read.4.tlog
d:\projects\personal\eny1n\app\x64\debug\app.tlog\link.read.5.tlog
d:\projects\personal\eny1n\app\x64\debug\app.tlog\link.secondary.1.tlog
d:\projects\personal\eny1n\app\x64\debug\app.tlog\link.write.1.tlog
