d:\projects\personal\eny1n\engine\x64\release\engine.pdb
d:\projects\personal\eny1n\engine\x64\release\scene.obj
d:\projects\personal\eny1n\engine\x64\release\scenemanager.obj
d:\projects\personal\eny1n\engine\x64\release\renderwindow.obj
d:\projects\personal\eny1n\engine\x64\release\render.obj
d:\projects\personal\eny1n\engine\x64\release\primitive.obj
d:\projects\personal\eny1n\engine\x64\release\inputmanager.obj
d:\projects\personal\eny1n\engine\x64\release\dx11globalinterface.obj
d:\projects\personal\eny1n\engine\x64\release\camera.obj
d:\projects\personal\eny1n\engine\x64\release\engine.obj
d:\projects\personal\eny1n\engine\x64\release\pixelshader.cso
d:\projects\personal\eny1n\engine\x64\release\vertexshader.cso
d:\projects\personal\eny1n\engine\x64\release\engine.lib
d:\projects\personal\eny1n\engine\x64\release\engine.tlog\cl.command.1.tlog
d:\projects\personal\eny1n\engine\x64\release\engine.tlog\cl.items.tlog
d:\projects\personal\eny1n\engine\x64\release\engine.tlog\cl.read.1.tlog
d:\projects\personal\eny1n\engine\x64\release\engine.tlog\cl.write.1.tlog
d:\projects\personal\eny1n\engine\x64\release\engine.tlog\fxc.command.1.tlog
d:\projects\personal\eny1n\engine\x64\release\engine.tlog\fxc.read.1.tlog
d:\projects\personal\eny1n\engine\x64\release\engine.tlog\fxc.write.1.tlog
d:\projects\personal\eny1n\engine\x64\release\engine.tlog\lib-link.read.1.tlog
d:\projects\personal\eny1n\engine\x64\release\engine.tlog\lib-link.write.1.tlog
d:\projects\personal\eny1n\engine\x64\release\engine.tlog\lib.command.1.tlog
