  Engine.cpp
D:\Projects\Personal\ENY1N\Libs\Maths\Matrix4x4.h(51,25): warning C4244: 'initializing': conversion from 'double' to 'float', possible loss of data
  (compiling source file 'Base/Engine.cpp')
  
D:\Projects\Personal\ENY1N\Libs\Maths\Matrix4x4.h(82,40): warning C4244: '=': conversion from 'double' to 'float', possible loss of data
  (compiling source file 'Base/Engine.cpp')
  
D:\Projects\Personal\ENY1N\Libs\Maths\Matrix4x4.h(83,40): warning C4244: '=': conversion from 'double' to 'float', possible loss of data
  (compiling source file 'Base/Engine.cpp')
  
D:\Projects\Personal\ENY1N\Libs\Maths\Matrix4x4.h(84,37): warning C4244: '=': conversion from 'double' to 'float', possible loss of data
  (compiling source file 'Base/Engine.cpp')
  
D:\Projects\Personal\ENY1N\Libs\Maths\Matrix4x4.h(85,40): warning C4244: '=': conversion from 'double' to 'float', possible loss of data
  (compiling source file 'Base/Engine.cpp')
  
D:\Projects\Personal\ENY1N\Libs\Maths\Matrix4x4.h(88,38): warning C4244: '=': conversion from 'double' to 'float', possible loss of data
  (compiling source file 'Base/Engine.cpp')
  
D:\Projects\Personal\ENY1N\Libs\Maths\Matrix4x4.h(89,35): warning C4244: '=': conversion from 'double' to 'float', possible loss of data
  (compiling source file 'Base/Engine.cpp')
  
D:\Projects\Personal\ENY1N\Libs\Maths\Matrix4x4.h(90,38): warning C4244: '=': conversion from 'double' to 'float', possible loss of data
  (compiling source file 'Base/Engine.cpp')
  
D:\Projects\Personal\ENY1N\Libs\Maths\Matrix4x4.h(91,38): warning C4244: '=': conversion from 'double' to 'float', possible loss of data
  (compiling source file 'Base/Engine.cpp')
  
D:\Projects\Personal\ENY1N\Libs\Maths\Matrix4x4.h(94,39): warning C4244: '=': conversion from 'double' to 'float', possible loss of data
  (compiling source file 'Base/Engine.cpp')
  
D:\Projects\Personal\ENY1N\Libs\Maths\Matrix4x4.h(95,39): warning C4244: '=': conversion from 'double' to 'float', possible loss of data
  (compiling source file 'Base/Engine.cpp')
  
D:\Projects\Personal\ENY1N\Libs\Maths\Matrix4x4.h(96,36): warning C4244: '=': conversion from 'double' to 'float', possible loss of data
  (compiling source file 'Base/Engine.cpp')
  
D:\Projects\Personal\ENY1N\Libs\Maths\Matrix4x4.h(97,39): warning C4244: '=': conversion from 'double' to 'float', possible loss of data
  (compiling source file 'Base/Engine.cpp')
  
  Camera.cpp
D:\Projects\Personal\ENY1N\Libs\Maths\Matrix4x4.h(51,25): warning C4244: 'initializing': conversion from 'double' to 'float', possible loss of data
  (compiling source file 'Camera/Camera.cpp')
  
D:\Projects\Personal\ENY1N\Libs\Maths\Matrix4x4.h(82,40): warning C4244: '=': conversion from 'double' to 'float', possible loss of data
  (compiling source file 'Camera/Camera.cpp')
  
D:\Projects\Personal\ENY1N\Libs\Maths\Matrix4x4.h(83,40): warning C4244: '=': conversion from 'double' to 'float', possible loss of data
  (compiling source file 'Camera/Camera.cpp')
  
D:\Projects\Personal\ENY1N\Libs\Maths\Matrix4x4.h(84,37): warning C4244: '=': conversion from 'double' to 'float', possible loss of data
  (compiling source file 'Camera/Camera.cpp')
  
D:\Projects\Personal\ENY1N\Libs\Maths\Matrix4x4.h(85,40): warning C4244: '=': conversion from 'double' to 'float', possible loss of data
  (compiling source file 'Camera/Camera.cpp')
  
D:\Projects\Personal\ENY1N\Libs\Maths\Matrix4x4.h(88,38): warning C4244: '=': conversion from 'double' to 'float', possible loss of data
  (compiling source file 'Camera/Camera.cpp')
  
D:\Projects\Personal\ENY1N\Libs\Maths\Matrix4x4.h(89,35): warning C4244: '=': conversion from 'double' to 'float', possible loss of data
  (compiling source file 'Camera/Camera.cpp')
  
D:\Projects\Personal\ENY1N\Libs\Maths\Matrix4x4.h(90,38): warning C4244: '=': conversion from 'double' to 'float', possible loss of data
  (compiling source file 'Camera/Camera.cpp')
  
D:\Projects\Personal\ENY1N\Libs\Maths\Matrix4x4.h(91,38): warning C4244: '=': conversion from 'double' to 'float', possible loss of data
  (compiling source file 'Camera/Camera.cpp')
  
D:\Projects\Personal\ENY1N\Libs\Maths\Matrix4x4.h(94,39): warning C4244: '=': conversion from 'double' to 'float', possible loss of data
  (compiling source file 'Camera/Camera.cpp')
  
D:\Projects\Personal\ENY1N\Libs\Maths\Matrix4x4.h(95,39): warning C4244: '=': conversion from 'double' to 'float', possible loss of data
  (compiling source file 'Camera/Camera.cpp')
  
D:\Projects\Personal\ENY1N\Libs\Maths\Matrix4x4.h(96,36): warning C4244: '=': conversion from 'double' to 'float', possible loss of data
  (compiling source file 'Camera/Camera.cpp')
  
D:\Projects\Personal\ENY1N\Libs\Maths\Matrix4x4.h(97,39): warning C4244: '=': conversion from 'double' to 'float', possible loss of data
  (compiling source file 'Camera/Camera.cpp')
  
D:\Projects\Personal\ENY1N\Engine\Camera\Camera.cpp(9,3): error C2512: 'maths::CVector3': no appropriate default constructor available
      D:\Projects\Personal\ENY1N\Libs\Maths\Vector3.h(5,9):
      see declaration of 'maths::CVector3'
  
D:\Projects\Personal\ENY1N\Engine\Camera\Camera.cpp(15,55): error C2039: 'PI': is not a member of 'maths'
      D:\Projects\Personal\ENY1N\Libs\Maths\Matrix4x4.h(5,11):
      see declaration of 'maths'
  
D:\Projects\Personal\ENY1N\Engine\Camera\Camera.cpp(15,55): error C2065: 'PI': undeclared identifier
D:\Projects\Personal\ENY1N\Engine\Camera\Camera.cpp(112,17): warning C4244: 'initializing': conversion from 'double' to 'float', possible loss of data
D:\Projects\Personal\ENY1N\Engine\Camera\Camera.cpp(113,15): warning C4244: 'initializing': conversion from 'double' to 'float', possible loss of data
D:\Projects\Personal\ENY1N\Engine\Camera\Camera.cpp(116,14): error C2653: 'DirectX': is not a class or namespace name
D:\Projects\Personal\ENY1N\Engine\Camera\Camera.cpp(116,23): error C2065: 'XM_PI': undeclared identifier
D:\Projects\Personal\ENY1N\Engine\Camera\Camera.cpp(139,75): error C2039: 'x': is not a member of 'maths::CVector3'
      D:\Projects\Personal\ENY1N\Libs\Maths\Vector3.h(5,9):
      see declaration of 'maths::CVector3'
  
D:\Projects\Personal\ENY1N\Engine\Camera\Camera.cpp(139,82): error C2039: 'y': is not a member of 'maths::CVector3'
      D:\Projects\Personal\ENY1N\Libs\Maths\Vector3.h(5,9):
      see declaration of 'maths::CVector3'
  
D:\Projects\Personal\ENY1N\Engine\Camera\Camera.cpp(139,89): error C2039: 'z': is not a member of 'maths::CVector3'
      D:\Projects\Personal\ENY1N\Libs\Maths\Vector3.h(5,9):
      see declaration of 'maths::CVector3'
  
D:\Projects\Personal\ENY1N\Engine\Camera\Camera.cpp(139,62): error C2660: 'maths::CMatrix4x4::Rotation': function does not take 1 arguments
      D:\Projects\Personal\ENY1N\Libs\Maths\Matrix4x4.h(79,23):
      see declaration of 'maths::CMatrix4x4::Rotation'
      D:\Projects\Personal\ENY1N\Engine\Camera\Camera.cpp(139,62):
      while trying to match the argument list '()'
  
D:\Projects\Personal\ENY1N\Engine\Camera\Camera.cpp(152,81): error C2039: 'y': is not a member of 'maths::CVector3'
      D:\Projects\Personal\ENY1N\Libs\Maths\Vector3.h(5,9):
      see declaration of 'maths::CVector3'
  
D:\Projects\Personal\ENY1N\Engine\Camera\Camera.cpp(152,62): error C2660: 'maths::CMatrix4x4::Rotation': function does not take 2 arguments
      D:\Projects\Personal\ENY1N\Libs\Maths\Matrix4x4.h(79,23):
      see declaration of 'maths::CMatrix4x4::Rotation'
      D:\Projects\Personal\ENY1N\Engine\Camera\Camera.cpp(152,62):
      while trying to match the argument list '(float, float)'
  
  Render.cpp
D:\Projects\Personal\ENY1N\Libs\Maths\Matrix4x4.h(51,25): warning C4244: 'initializing': conversion from 'double' to 'float', possible loss of data
  (compiling source file 'Render/Render.cpp')
  
D:\Projects\Personal\ENY1N\Libs\Maths\Matrix4x4.h(82,40): warning C4244: '=': conversion from 'double' to 'float', possible loss of data
  (compiling source file 'Render/Render.cpp')
  
D:\Projects\Personal\ENY1N\Libs\Maths\Matrix4x4.h(83,40): warning C4244: '=': conversion from 'double' to 'float', possible loss of data
  (compiling source file 'Render/Render.cpp')
  
D:\Projects\Personal\ENY1N\Libs\Maths\Matrix4x4.h(84,37): warning C4244: '=': conversion from 'double' to 'float', possible loss of data
  (compiling source file 'Render/Render.cpp')
  
D:\Projects\Personal\ENY1N\Libs\Maths\Matrix4x4.h(85,40): warning C4244: '=': conversion from 'double' to 'float', possible loss of data
  (compiling source file 'Render/Render.cpp')
  
D:\Projects\Personal\ENY1N\Libs\Maths\Matrix4x4.h(88,38): warning C4244: '=': conversion from 'double' to 'float', possible loss of data
  (compiling source file 'Render/Render.cpp')
  
D:\Projects\Personal\ENY1N\Libs\Maths\Matrix4x4.h(89,35): warning C4244: '=': conversion from 'double' to 'float', possible loss of data
  (compiling source file 'Render/Render.cpp')
  
D:\Projects\Personal\ENY1N\Libs\Maths\Matrix4x4.h(90,38): warning C4244: '=': conversion from 'double' to 'float', possible loss of data
  (compiling source file 'Render/Render.cpp')
  
D:\Projects\Personal\ENY1N\Libs\Maths\Matrix4x4.h(91,38): warning C4244: '=': conversion from 'double' to 'float', possible loss of data
  (compiling source file 'Render/Render.cpp')
  
D:\Projects\Personal\ENY1N\Libs\Maths\Matrix4x4.h(94,39): warning C4244: '=': conversion from 'double' to 'float', possible loss of data
  (compiling source file 'Render/Render.cpp')
  
D:\Projects\Personal\ENY1N\Libs\Maths\Matrix4x4.h(95,39): warning C4244: '=': conversion from 'double' to 'float', possible loss of data
  (compiling source file 'Render/Render.cpp')
  
D:\Projects\Personal\ENY1N\Libs\Maths\Matrix4x4.h(96,36): warning C4244: '=': conversion from 'double' to 'float', possible loss of data
  (compiling source file 'Render/Render.cpp')
  
D:\Projects\Personal\ENY1N\Libs\Maths\Matrix4x4.h(97,39): warning C4244: '=': conversion from 'double' to 'float', possible loss of data
  (compiling source file 'Render/Render.cpp')
  
D:\Projects\Personal\ENY1N\Engine\Render\Render.cpp(180,34): error C2678: binary '*': no operator found which takes a left-hand operand of type 'DirectX::XMMATRIX' (or there is no acceptable conversion)
      C:\Program Files (x86)\Windows Kits\10\Include\10.0.22621.0\um\DirectXMathMatrix.inl(3368,27):
      could be 'DirectX::XMMATRIX DirectX::XMMATRIX::operator *(float) noexcept const'
          D:\Projects\Personal\ENY1N\Engine\Render\Render.cpp(180,34):
          'DirectX::XMMATRIX DirectX::XMMATRIX::operator *(float) noexcept const': cannot convert argument 2 from 'const maths::CMatrix4x4' to 'float'
              D:\Projects\Personal\ENY1N\Engine\Render\Render.cpp(180,66):
              No user-defined-conversion operator available that can perform this conversion, or the operator cannot be called
      C:\Program Files (x86)\Windows Kits\10\Include\10.0.22621.0\um\DirectXMathMatrix.inl(3361,39):
      or       'DirectX::XMMATRIX DirectX::XMMATRIX::operator *(DirectX::FXMMATRIX) noexcept const'
          D:\Projects\Personal\ENY1N\Engine\Render\Render.cpp(180,34):
          'DirectX::XMMATRIX DirectX::XMMATRIX::operator *(DirectX::FXMMATRIX) noexcept const': cannot convert argument 2 from 'const maths::CMatrix4x4' to 'DirectX::FXMMATRIX'
              D:\Projects\Personal\ENY1N\Engine\Render\Render.cpp(180,66):
              No user-defined-conversion operator available that can perform this conversion, or the operator cannot be called
      C:\Program Files (x86)\Windows Kits\10\Include\10.0.22621.0\um\DirectXMathVector.inl(14756,29):
      or       'DirectX::XMVECTOR DirectX::operator *(DirectX::FXMVECTOR,DirectX::FXMVECTOR) noexcept' [found using argument-dependent lookup]
          D:\Projects\Personal\ENY1N\Engine\Render\Render.cpp(180,34):
          'DirectX::XMVECTOR DirectX::operator *(DirectX::FXMVECTOR,DirectX::FXMVECTOR) noexcept': cannot convert argument 1 from 'DirectX::XMMATRIX' to 'DirectX::FXMVECTOR'
              D:\Projects\Personal\ENY1N\Engine\Render\Render.cpp(180,34):
              No user-defined-conversion operator available that can perform this conversion, or the operator cannot be called
      C:\Program Files (x86)\Windows Kits\10\Include\10.0.22621.0\um\DirectXMathVector.inl(14778,29):
      or       'DirectX::XMVECTOR DirectX::operator *(DirectX::FXMVECTOR,float) noexcept' [found using argument-dependent lookup]
          D:\Projects\Personal\ENY1N\Engine\Render\Render.cpp(180,34):
          'DirectX::XMVECTOR DirectX::operator *(DirectX::FXMVECTOR,float) noexcept': cannot convert argument 1 from 'DirectX::XMMATRIX' to 'DirectX::FXMVECTOR'
              D:\Projects\Personal\ENY1N\Engine\Render\Render.cpp(180,34):
              No user-defined-conversion operator available that can perform this conversion, or the operator cannot be called
      C:\Program Files (x86)\Windows Kits\10\Include\10.0.22621.0\um\DirectXMathVector.inl(14801,29):
      or       'DirectX::XMVECTOR DirectX::operator *(float,DirectX::FXMVECTOR) noexcept' [found using argument-dependent lookup]
          D:\Projects\Personal\ENY1N\Engine\Render\Render.cpp(180,34):
          'DirectX::XMVECTOR DirectX::operator *(float,DirectX::FXMVECTOR) noexcept': cannot convert argument 1 from 'DirectX::XMMATRIX' to 'float'
              D:\Projects\Personal\ENY1N\Engine\Render\Render.cpp(180,34):
              No user-defined-conversion operator available that can perform this conversion, or the operator cannot be called
      C:\Program Files (x86)\Windows Kits\10\Include\10.0.22621.0\um\DirectXMathMatrix.inl(3427,29):
      or       'DirectX::XMMATRIX DirectX::operator *(float,DirectX::FXMMATRIX) noexcept' [found using argument-dependent lookup]
          D:\Projects\Personal\ENY1N\Engine\Render\Render.cpp(180,34):
          'DirectX::XMMATRIX DirectX::operator *(float,DirectX::FXMMATRIX) noexcept': cannot convert argument 1 from 'DirectX::XMMATRIX' to 'float'
              D:\Projects\Personal\ENY1N\Engine\Render\Render.cpp(180,34):
              No user-defined-conversion operator available that can perform this conversion, or the operator cannot be called
      D:\Projects\Personal\ENY1N\Engine\Render\Render.cpp(180,34):
      while trying to match the argument list '(DirectX::XMMATRIX, const maths::CMatrix4x4)'
  
