c:\users\ruben\source\repos\consoleapplication1\consoleapplication1\x64\debug\vc143.pdb
c:\users\ruben\source\repos\consoleapplication1\consoleapplication1\x64\debug\vc143.idb
c:\users\ruben\source\repos\consoleapplication1\consoleapplication1\x64\debug\type.obj
c:\users\ruben\source\repos\consoleapplication1\consoleapplication1\x64\debug\entity.obj
c:\users\ruben\source\repos\consoleapplication1\consoleapplication1\x64\debug\consoleapplication1.obj
c:\users\ruben\source\repos\consoleapplication1\consoleapplication1\x64\debug\reflectionapp.ilk
c:\users\ruben\source\repos\consoleapplication1\x64\debug\reflectionapp.exe
c:\users\ruben\source\repos\consoleapplication1\x64\debug\reflectionapp.pdb
c:\users\ruben\source\repos\reflection\reflection\x64\debug\consoleapplication1.obj
c:\users\ruben\source\repos\reflection\reflection\x64\debug\entity.obj
c:\users\ruben\source\repos\reflection\reflection\x64\debug\type.obj
c:\users\ruben\source\repos\reflection\reflection\x64\debug\consoleapplication1.ilk
c:\users\ruben\source\repos\reflection\reflection\x64\debug\reflectionapp.ilk
c:\users\ruben\source\repos\reflection\reflection\x64\debug\vc143.idb
c:\users\ruben\source\repos\reflection\reflection\x64\debug\vc143.pdb
c:\users\ruben\source\repos\reflection\x64\debug\reflectionapp.pdb
c:\users\ruben\source\repos\reflection\x64\debug\reflectionapp.exe
c:\users\ruben\source\repos\reflection\reflection\x64\debug\reflectionapp.tlog\cl.command.1.tlog
c:\users\ruben\source\repos\reflection\reflection\x64\debug\reflectionapp.tlog\cl.items.tlog
c:\users\ruben\source\repos\reflection\reflection\x64\debug\reflectionapp.tlog\cl.read.1.tlog
c:\users\ruben\source\repos\reflection\reflection\x64\debug\reflectionapp.tlog\cl.write.1.tlog
c:\users\ruben\source\repos\reflection\reflection\x64\debug\reflectionapp.tlog\link.command.1.tlog
c:\users\ruben\source\repos\reflection\reflection\x64\debug\reflectionapp.tlog\link.read.1.tlog
c:\users\ruben\source\repos\reflection\reflection\x64\debug\reflectionapp.tlog\link.write.1.tlog
