d:\projects\personal\eny1n\engine\x64\debug\engine.pdb
d:\projects\personal\eny1n\engine\x64\debug\engine.idb
d:\projects\personal\eny1n\engine\x64\debug\scene.obj
d:\projects\personal\eny1n\engine\x64\debug\scenemanager.obj
d:\projects\personal\eny1n\engine\x64\debug\renderwindow.obj
d:\projects\personal\eny1n\engine\x64\debug\dx11globalinterface.obj
d:\projects\personal\eny1n\engine\x64\debug\camera.obj
d:\projects\personal\eny1n\engine\x64\debug\engine.obj
d:\projects\personal\eny1n\engine\x64\debug\primitive.obj
d:\projects\personal\eny1n\engine\x64\debug\render.obj
d:\projects\personal\eny1n\engine\x64\debug\pixelshader.cso
d:\projects\personal\eny1n\engine\x64\debug\vertexshader.cso
d:\projects\personal\eny1n\engine\x64\debug\engine.lib
d:\projects\personal\eny1n\engine\x64\debug\primitiveitem.obj
d:\projects\personal\eny1n\engine\x64\debug\rendersystem.obj
d:\projects\personal\eny1n\engine\x64\debug\engine.tlog\cl.command.1.tlog
d:\projects\personal\eny1n\engine\x64\debug\engine.tlog\cl.items.tlog
d:\projects\personal\eny1n\engine\x64\debug\engine.tlog\cl.read.1.tlog
d:\projects\personal\eny1n\engine\x64\debug\engine.tlog\cl.write.1.tlog
d:\projects\personal\eny1n\engine\x64\debug\engine.tlog\fxc.command.1.tlog
d:\projects\personal\eny1n\engine\x64\debug\engine.tlog\fxc.read.1.tlog
d:\projects\personal\eny1n\engine\x64\debug\engine.tlog\fxc.write.1.tlog
d:\projects\personal\eny1n\engine\x64\debug\engine.tlog\lib-link.read.1.tlog
d:\projects\personal\eny1n\engine\x64\debug\engine.tlog\lib-link.write.1.tlog
d:\projects\personal\eny1n\engine\x64\debug\engine.tlog\lib.command.1.tlog
