  GraphEditor.cpp
C:\Users\Rubén\Documents\GitHub\ENY1N\Libs\ImGui\GraphEditor.cpp(369,21): warning C4245: '=': conversion from 'int' to 'GraphEditor::SlotIndex', signed/unsigned mismatch
C:\Users\Rubén\Documents\GitHub\ENY1N\Libs\ImGui\GraphEditor.cpp(370,22): warning C4245: '=': conversion from 'int' to 'GraphEditor::SlotIndex', signed/unsigned mismatch
C:\Users\Rubén\Documents\GitHub\ENY1N\Libs\ImGui\GraphEditor.cpp(377,31): warning C4245: 'initializing': conversion from 'int' to 'GraphEditor::SlotIndex', signed/unsigned mismatch
C:\Users\Rubén\Documents\GitHub\ENY1N\Libs\ImGui\GraphEditor.cpp(556,18): warning C4189: 'InputsCount': local variable is initialized but not referenced
C:\Users\Rubén\Documents\GitHub\ENY1N\Libs\ImGui\GraphEditor.cpp(557,18): warning C4189: 'OutputsCount': local variable is initialized but not referenced
C:\Users\Rubén\Documents\GitHub\ENY1N\Libs\ImGui\GraphEditor.cpp(870,38): warning C4245: 'initializing': conversion from 'int' to 'GraphEditor::NodeIndex', signed/unsigned mismatch
C:\Users\Rubén\Documents\GitHub\ENY1N\Libs\ImGui\GraphEditor.cpp(899,23): warning C4245: '=': conversion from 'int' to 'GraphEditor::NodeIndex', signed/unsigned mismatch
C:\Users\Rubén\Documents\GitHub\ENY1N\Libs\ImGui\GraphEditor.cpp(901,33): warning C4245: 'initializing': conversion from 'int' to 'GraphEditor::SlotIndex', signed/unsigned mismatch
C:\Users\Rubén\Documents\GitHub\ENY1N\Libs\ImGui\GraphEditor.cpp(902,34): warning C4245: 'initializing': conversion from 'int' to 'GraphEditor::SlotIndex', signed/unsigned mismatch
C:\Users\Rubén\Documents\GitHub\ENY1N\Libs\ImGui\GraphEditor.cpp(903,28): warning C4245: 'initializing': conversion from 'int' to 'GraphEditor::NodeIndex', signed/unsigned mismatch
C:\Users\Rubén\Documents\GitHub\ENY1N\Libs\ImGui\GraphEditor.cpp(927,37): warning C4245: 'initializing': conversion from 'int' to 'GraphEditor::SlotIndex', signed/unsigned mismatch
C:\Users\Rubén\Documents\GitHub\ENY1N\Libs\ImGui\GraphEditor.cpp(928,38): warning C4245: 'initializing': conversion from 'int' to 'GraphEditor::SlotIndex', signed/unsigned mismatch
  ImCurveEdit.cpp
  ImGradient.cpp
  ImGuizmo.cpp
C:\Users\Rubén\Documents\GitHub\ENY1N\Libs\ImGui\ImGuizmo.cpp(765,28): warning C4245: 'initializing': conversion from 'int' to 'ImGuiID', signed/unsigned mismatch
C:\Users\Rubén\Documents\GitHub\ENY1N\Libs\ImGui\ImGuizmo.cpp(775,32): warning C4245: 'argument': conversion from 'int' to 'const T', signed/unsigned mismatch
C:\Users\Rubén\Documents\GitHub\ENY1N\Libs\ImGui\ImGuizmo.cpp(775,32): warning C4245:         with
C:\Users\Rubén\Documents\GitHub\ENY1N\Libs\ImGui\ImGuizmo.cpp(775,32): warning C4245:         [
C:\Users\Rubén\Documents\GitHub\ENY1N\Libs\ImGui\ImGuizmo.cpp(775,32): warning C4245:             T=ImU32
C:\Users\Rubén\Documents\GitHub\ENY1N\Libs\ImGui\ImGuizmo.cpp(775,32): warning C4245:         ]
C:\Users\Rubén\Documents\GitHub\ENY1N\Libs\ImGui\ImGuizmo.cpp(1911,35): warning C4245: '=': conversion from 'int' to 'ImGuiID', signed/unsigned mismatch
C:\Users\Rubén\Documents\GitHub\ENY1N\Libs\ImGui\ImGuizmo.cpp(2494,35): warning C4245: '=': conversion from 'int' to 'ImGuiID', signed/unsigned mismatch
C:\Users\Rubén\Documents\GitHub\ENY1N\Libs\ImGui\ImGuizmo.cpp(2559,38): warning C4245: 'argument': conversion from 'int' to 'const T', signed/unsigned mismatch
C:\Users\Rubén\Documents\GitHub\ENY1N\Libs\ImGui\ImGuizmo.cpp(2559,38): warning C4245:         with
C:\Users\Rubén\Documents\GitHub\ENY1N\Libs\ImGui\ImGuizmo.cpp(2559,38): warning C4245:         [
C:\Users\Rubén\Documents\GitHub\ENY1N\Libs\ImGui\ImGuizmo.cpp(2559,38): warning C4245:             T=ImU32
C:\Users\Rubén\Documents\GitHub\ENY1N\Libs\ImGui\ImGuizmo.cpp(2559,38): warning C4245:         ]
  ImSequencer.cpp
  tiny_obj_loader.cc
  TimeManager.cpp
  imgui.cpp
  imgui_demo.cpp
  imgui_draw.cpp
  imgui_impl_win32.cpp
  imgui_tables.cpp
  imgui_widgets.cpp
  imgui_impl_dx11.cpp
  Vector2.cpp
  Vector3.cpp
  Matrix4x4.cpp
  Transform.cpp
  Generating Code...
  stb_vorbis.c
C:\Users\Rubén\Documents\GitHub\ENY1N\Libs\Third-Party\stb\stb_vorbis.c(1066,36): warning C4244: '=': conversion from 'int' to 'uint8', possible loss of data
C:\Users\Rubén\Documents\GitHub\ENY1N\Libs\Third-Party\stb\stb_vorbis.c(1134,35): warning C4244: '=': conversion from 'int' to 'int16', possible loss of data
C:\Users\Rubén\Documents\GitHub\ENY1N\Libs\Third-Party\stb\stb_vorbis.c(1193,29): warning C4244: 'function': conversion from 'int' to 'uint8', possible loss of data
C:\Users\Rubén\Documents\GitHub\ENY1N\Libs\Third-Party\stb\stb_vorbis.c(1209,38): warning C4244: '=': conversion from 'int' to 'uint8', possible loss of data
C:\Users\Rubén\Documents\GitHub\ENY1N\Libs\Third-Party\stb\stb_vorbis.c(1268,46): warning C4244: '=': conversion from 'unsigned int' to 'uint16', possible loss of data
C:\Users\Rubén\Documents\GitHub\ENY1N\Libs\Third-Party\stb\stb_vorbis.c(1333,11): warning C4244: 'return': conversion from 'int' to 'uint8', possible loss of data
C:\Users\Rubén\Documents\GitHub\ENY1N\Libs\Third-Party\stb\stb_vorbis.c(1541,22): warning C4244: '=': conversion from 'int' to 'uint8', possible loss of data
C:\Users\Rubén\Documents\GitHub\ENY1N\Libs\Third-Party\stb\stb_vorbis.c(1598,14): warning C4456: declaration of 'z' hides previous local declaration
      C:\Users\Rubén\Documents\GitHub\ENY1N\Libs\Third-Party\stb\stb_vorbis.c(1586,11):
      see declaration of 'z'
  
C:\Users\Rubén\Documents\GitHub\ENY1N\Libs\Third-Party\stb\stb_vorbis.c(2128,29): warning C4456: declaration of 'c' hides previous local declaration
      C:\Users\Rubén\Documents\GitHub\ENY1N\Libs\Third-Party\stb\stb_vorbis.c(2094,8):
      see declaration of 'c'
  
C:\Users\Rubén\Documents\GitHub\ENY1N\Libs\Third-Party\stb\stb_vorbis.c(2130,19): warning C4457: declaration of 'n' hides function parameter
      C:\Users\Rubén\Documents\GitHub\ENY1N\Libs\Third-Party\stb\stb_vorbis.c(2089,75):
      see declaration of 'n'
  
C:\Users\Rubén\Documents\GitHub\ENY1N\Libs\Third-Party\stb\stb_vorbis.c(2142,23): warning C4456: declaration of 'z' hides previous local declaration
      C:\Users\Rubén\Documents\GitHub\ENY1N\Libs\Third-Party\stb\stb_vorbis.c(2125,20):
      see declaration of 'z'
  
C:\Users\Rubén\Documents\GitHub\ENY1N\Libs\Third-Party\stb\stb_vorbis.c(2144,23): warning C4456: declaration of 'c' hides previous local declaration
      C:\Users\Rubén\Documents\GitHub\ENY1N\Libs\Third-Party\stb\stb_vorbis.c(2094,8):
      see declaration of 'c'
  
C:\Users\Rubén\Documents\GitHub\ENY1N\Libs\Third-Party\stb\stb_vorbis.c(2174,29): warning C4456: declaration of 'c' hides previous local declaration
      C:\Users\Rubén\Documents\GitHub\ENY1N\Libs\Third-Party\stb\stb_vorbis.c(2094,8):
      see declaration of 'c'
  
C:\Users\Rubén\Documents\GitHub\ENY1N\Libs\Third-Party\stb\stb_vorbis.c(2176,19): warning C4457: declaration of 'n' hides function parameter
      C:\Users\Rubén\Documents\GitHub\ENY1N\Libs\Third-Party\stb\stb_vorbis.c(2089,75):
      see declaration of 'n'
  
C:\Users\Rubén\Documents\GitHub\ENY1N\Libs\Third-Party\stb\stb_vorbis.c(2188,23): warning C4456: declaration of 'z' hides previous local declaration
      C:\Users\Rubén\Documents\GitHub\ENY1N\Libs\Third-Party\stb\stb_vorbis.c(2171,20):
      see declaration of 'z'
  
C:\Users\Rubén\Documents\GitHub\ENY1N\Libs\Third-Party\stb\stb_vorbis.c(2190,23): warning C4456: declaration of 'c' hides previous local declaration
      C:\Users\Rubén\Documents\GitHub\ENY1N\Libs\Third-Party\stb\stb_vorbis.c(2094,8):
      see declaration of 'c'
  
C:\Users\Rubén\Documents\GitHub\ENY1N\Libs\Third-Party\stb\stb_vorbis.c(2221,29): warning C4456: declaration of 'c' hides previous local declaration
      C:\Users\Rubén\Documents\GitHub\ENY1N\Libs\Third-Party\stb\stb_vorbis.c(2094,8):
      see declaration of 'c'
  
C:\Users\Rubén\Documents\GitHub\ENY1N\Libs\Third-Party\stb\stb_vorbis.c(2223,19): warning C4457: declaration of 'n' hides function parameter
      C:\Users\Rubén\Documents\GitHub\ENY1N\Libs\Third-Party\stb\stb_vorbis.c(2089,75):
      see declaration of 'n'
  
C:\Users\Rubén\Documents\GitHub\ENY1N\Libs\Third-Party\stb\stb_vorbis.c(2240,23): warning C4456: declaration of 'c' hides previous local declaration
      C:\Users\Rubén\Documents\GitHub\ENY1N\Libs\Third-Party\stb\stb_vorbis.c(2094,8):
      see declaration of 'c'
  
C:\Users\Rubén\Documents\GitHub\ENY1N\Libs\Third-Party\stb\stb_vorbis.c(2248,26): warning C4457: declaration of 'n' hides function parameter
      C:\Users\Rubén\Documents\GitHub\ENY1N\Libs\Third-Party\stb\stb_vorbis.c(2089,75):
      see declaration of 'n'
  
C:\Users\Rubén\Documents\GitHub\ENY1N\Libs\Third-Party\stb\stb_vorbis.c(3058,95): warning C4100: 'step2_flag': unreferenced formal parameter
C:\Users\Rubén\Documents\GitHub\ENY1N\Libs\Third-Party\stb\stb_vorbis.c(3197,25): warning C4244: '=': conversion from 'uint32' to 'short', possible loss of data
C:\Users\Rubén\Documents\GitHub\ENY1N\Libs\Third-Party\stb\stb_vorbis.c(3198,25): warning C4244: '=': conversion from 'uint32' to 'short', possible loss of data
C:\Users\Rubén\Documents\GitHub\ENY1N\Libs\Third-Party\stb\stb_vorbis.c(3207,19): warning C4456: declaration of 'n' hides previous local declaration
      C:\Users\Rubén\Documents\GitHub\ENY1N\Libs\Third-Party\stb\stb_vorbis.c(3168,14):
      see declaration of 'n'
  
C:\Users\Rubén\Documents\GitHub\ENY1N\Libs\Third-Party\stb\stb_vorbis.c(3215,22): warning C4456: declaration of 'n' hides previous local declaration
      C:\Users\Rubén\Documents\GitHub\ENY1N\Libs\Third-Party\stb\stb_vorbis.c(3168,14):
      see declaration of 'n'
  
C:\Users\Rubén\Documents\GitHub\ENY1N\Libs\Third-Party\stb\stb_vorbis.c(3216,41): warning C4244: '=': conversion from 'int' to 'short', possible loss of data
C:\Users\Rubén\Documents\GitHub\ENY1N\Libs\Third-Party\stb\stb_vorbis.c(3241,51): warning C4244: '=': conversion from 'int' to 'short', possible loss of data
C:\Users\Rubén\Documents\GitHub\ENY1N\Libs\Third-Party\stb\stb_vorbis.c(3243,59): warning C4244: '=': conversion from 'int' to 'short', possible loss of data
C:\Users\Rubén\Documents\GitHub\ENY1N\Libs\Third-Party\stb\stb_vorbis.c(3246,42): warning C4244: '=': conversion from 'int' to 'short', possible loss of data
C:\Users\Rubén\Documents\GitHub\ENY1N\Libs\Third-Party\stb\stb_vorbis.c(3248,42): warning C4244: '=': conversion from 'int' to 'short', possible loss of data
C:\Users\Rubén\Documents\GitHub\ENY1N\Libs\Third-Party\stb\stb_vorbis.c(3251,31): warning C4244: '=': conversion from 'int' to 'short', possible loss of data
C:\Users\Rubén\Documents\GitHub\ENY1N\Libs\Third-Party\stb\stb_vorbis.c(3315,11): warning C4456: declaration of 'n2' hides previous local declaration
      C:\Users\Rubén\Documents\GitHub\ENY1N\Libs\Third-Party\stb\stb_vorbis.c(3168,16):
      see declaration of 'n2'
  
C:\Users\Rubén\Documents\GitHub\ENY1N\Libs\Third-Party\stb\stb_vorbis.c(3316,14): warning C4457: declaration of 'm' hides function parameter
      C:\Users\Rubén\Documents\GitHub\ENY1N\Libs\Third-Party\stb\stb_vorbis.c(3165,63):
      see declaration of 'm'
  
C:\Users\Rubén\Documents\GitHub\ENY1N\Libs\Third-Party\stb\stb_vorbis.c(3165,86): warning C4100: 'left_end': unreferenced formal parameter
C:\Users\Rubén\Documents\GitHub\ENY1N\Libs\Third-Party\stb\stb_vorbis.c(3453,11): warning C4456: declaration of 'i' hides previous local declaration
      C:\Users\Rubén\Documents\GitHub\ENY1N\Libs\Third-Party\stb\stb_vorbis.c(3442,13):
      see declaration of 'i'
  
C:\Users\Rubén\Documents\GitHub\ENY1N\Libs\Third-Party\stb\stb_vorbis.c(3453,13): warning C4456: declaration of 'j' hides previous local declaration
      C:\Users\Rubén\Documents\GitHub\ENY1N\Libs\Third-Party\stb\stb_vorbis.c(3442,15):
      see declaration of 'j'
  
C:\Users\Rubén\Documents\GitHub\ENY1N\Libs\Third-Party\stb\stb_vorbis.c(3633,38): warning C4244: '=': conversion from 'int' to 'uint8', possible loss of data
C:\Users\Rubén\Documents\GitHub\ENY1N\Libs\Third-Party\stb\stb_vorbis.c(3640,22): warning C4244: '=': conversion from 'int' to 'char', possible loss of data
C:\Users\Rubén\Documents\GitHub\ENY1N\Libs\Third-Party\stb\stb_vorbis.c(3654,34): warning C4244: '=': conversion from 'int' to 'char', possible loss of data
C:\Users\Rubén\Documents\GitHub\ENY1N\Libs\Third-Party\stb\stb_vorbis.c(3660,8): warning C4244: '=': conversion from 'int' to 'uint8', possible loss of data
C:\Users\Rubén\Documents\GitHub\ENY1N\Libs\Third-Party\stb\stb_vorbis.c(3690,38): warning C4244: '=': conversion from 'int' to 'uint8', possible loss of data
C:\Users\Rubén\Documents\GitHub\ENY1N\Libs\Third-Party\stb\stb_vorbis.c(3706,11): warning C4244: '=': conversion from 'uint32' to 'uint8', possible loss of data
C:\Users\Rubén\Documents\GitHub\ENY1N\Libs\Third-Party\stb\stb_vorbis.c(3707,11): warning C4244: '=': conversion from 'uint32' to 'uint8', possible loss of data
C:\Users\Rubén\Documents\GitHub\ENY1N\Libs\Third-Party\stb\stb_vorbis.c(3708,11): warning C4244: '=': conversion from 'uint32' to 'uint8', possible loss of data
C:\Users\Rubén\Documents\GitHub\ENY1N\Libs\Third-Party\stb\stb_vorbis.c(3709,11): warning C4244: '=': conversion from 'uint32' to 'uint8', possible loss of data
C:\Users\Rubén\Documents\GitHub\ENY1N\Libs\Third-Party\stb\stb_vorbis.c(3711,11): warning C4244: '=': conversion from 'uint32' to 'uint8', possible loss of data
C:\Users\Rubén\Documents\GitHub\ENY1N\Libs\Third-Party\stb\stb_vorbis.c(3712,11): warning C4244: '=': conversion from 'uint32' to 'uint8', possible loss of data
C:\Users\Rubén\Documents\GitHub\ENY1N\Libs\Third-Party\stb\stb_vorbis.c(3715,27): warning C4244: '=': conversion from 'uint32' to 'uint8', possible loss of data
C:\Users\Rubén\Documents\GitHub\ENY1N\Libs\Third-Party\stb\stb_vorbis.c(3742,44): warning C4244: '=': conversion from 'uint32' to 'uint8', possible loss of data
C:\Users\Rubén\Documents\GitHub\ENY1N\Libs\Third-Party\stb\stb_vorbis.c(3827,24): warning C4244: '=': conversion from 'uint32' to 'uint8', possible loss of data
C:\Users\Rubén\Documents\GitHub\ENY1N\Libs\Third-Party\stb\stb_vorbis.c(3833,40): warning C4244: '=': conversion from 'uint32' to 'uint8', possible loss of data
C:\Users\Rubén\Documents\GitHub\ENY1N\Libs\Third-Party\stb\stb_vorbis.c(3834,26): warning C4244: '=': conversion from 'uint32' to 'uint8', possible loss of data
C:\Users\Rubén\Documents\GitHub\ENY1N\Libs\Third-Party\stb\stb_vorbis.c(3836,17): warning C4456: declaration of 'values' hides previous local declaration
      C:\Users\Rubén\Documents\GitHub\ENY1N\Libs\Third-Party\stb\stb_vorbis.c(3700,15):
      see declaration of 'values'
  
C:\Users\Rubén\Documents\GitHub\ENY1N\Libs\Third-Party\stb\stb_vorbis.c(3848,24): warning C4244: '=': conversion from 'int' to 'uint16', possible loss of data
C:\Users\Rubén\Documents\GitHub\ENY1N\Libs\Third-Party\stb\stb_vorbis.c(3853,17): warning C4456: declaration of 'len' hides previous local declaration
      C:\Users\Rubén\Documents\GitHub\ENY1N\Libs\Third-Party\stb\stb_vorbis.c(3567,8):
      see declaration of 'len'
  
C:\Users\Rubén\Documents\GitHub\ENY1N\Libs\Third-Party\stb\stb_vorbis.c(3910,23): warning C4244: '=': conversion from 'uint32' to 'uint8', possible loss of data
C:\Users\Rubén\Documents\GitHub\ENY1N\Libs\Third-Party\stb\stb_vorbis.c(3921,27): warning C4244: '=': conversion from 'uint32' to 'uint16', possible loss of data
C:\Users\Rubén\Documents\GitHub\ENY1N\Libs\Third-Party\stb\stb_vorbis.c(3925,21): warning C4244: '=': conversion from 'uint32' to 'uint8', possible loss of data
C:\Users\Rubén\Documents\GitHub\ENY1N\Libs\Third-Party\stb\stb_vorbis.c(3926,20): warning C4244: '=': conversion from 'uint32' to 'uint16', possible loss of data
C:\Users\Rubén\Documents\GitHub\ENY1N\Libs\Third-Party\stb\stb_vorbis.c(3927,29): warning C4244: '=': conversion from 'uint32' to 'uint16', possible loss of data
C:\Users\Rubén\Documents\GitHub\ENY1N\Libs\Third-Party\stb\stb_vorbis.c(3928,30): warning C4244: '=': conversion from 'uint32' to 'uint8', possible loss of data
C:\Users\Rubén\Documents\GitHub\ENY1N\Libs\Third-Party\stb\stb_vorbis.c(3929,32): warning C4244: '=': conversion from 'uint32' to 'uint8', possible loss of data
C:\Users\Rubén\Documents\GitHub\ENY1N\Libs\Third-Party\stb\stb_vorbis.c(3930,45): warning C4244: '=': conversion from 'uint32' to 'uint8', possible loss of data
C:\Users\Rubén\Documents\GitHub\ENY1N\Libs\Third-Party\stb\stb_vorbis.c(3932,31): warning C4244: '=': conversion from 'uint32' to 'uint8', possible loss of data
C:\Users\Rubén\Documents\GitHub\ENY1N\Libs\Third-Party\stb\stb_vorbis.c(3938,26): warning C4244: '=': conversion from 'uint32' to 'uint8', possible loss of data
C:\Users\Rubén\Documents\GitHub\ENY1N\Libs\Third-Party\stb\stb_vorbis.c(3940,42): warning C4244: '=': conversion from 'uint32' to 'uint8', possible loss of data
C:\Users\Rubén\Documents\GitHub\ENY1N\Libs\Third-Party\stb\stb_vorbis.c(3945,52): warning C4244: '=': conversion from 'uint32' to 'uint8', possible loss of data
C:\Users\Rubén\Documents\GitHub\ENY1N\Libs\Third-Party\stb\stb_vorbis.c(3946,38): warning C4244: '=': conversion from 'uint32' to 'uint8', possible loss of data
C:\Users\Rubén\Documents\GitHub\ENY1N\Libs\Third-Party\stb\stb_vorbis.c(3948,42): warning C4244: '=': conversion from 'uint32' to 'uint8', possible loss of data
C:\Users\Rubén\Documents\GitHub\ENY1N\Libs\Third-Party\stb\stb_vorbis.c(3952,55): warning C4244: '=': conversion from 'uint32' to 'int16', possible loss of data
C:\Users\Rubén\Documents\GitHub\ENY1N\Libs\Third-Party\stb\stb_vorbis.c(3956,46): warning C4244: '=': conversion from 'uint32' to 'uint8', possible loss of data
C:\Users\Rubén\Documents\GitHub\ENY1N\Libs\Third-Party\stb\stb_vorbis.c(3957,25): warning C4244: '=': conversion from 'uint32' to 'uint8', possible loss of data
C:\Users\Rubén\Documents\GitHub\ENY1N\Libs\Third-Party\stb\stb_vorbis.c(3964,38): warning C4244: '=': conversion from 'uint32' to 'uint16', possible loss of data
C:\Users\Rubén\Documents\GitHub\ENY1N\Libs\Third-Party\stb\stb_vorbis.c(3971,23): warning C4244: '=': conversion from 'int' to 'uint16', possible loss of data
C:\Users\Rubén\Documents\GitHub\ENY1N\Libs\Third-Party\stb\stb_vorbis.c(3983,34): warning C4244: '=': conversion from 'int' to 'uint8', possible loss of data
C:\Users\Rubén\Documents\GitHub\ENY1N\Libs\Third-Party\stb\stb_vorbis.c(3984,34): warning C4244: '=': conversion from 'int' to 'uint8', possible loss of data
C:\Users\Rubén\Documents\GitHub\ENY1N\Libs\Third-Party\stb\stb_vorbis.c(4000,29): warning C4244: '=': conversion from 'uint32' to 'uint16', possible loss of data
C:\Users\Rubén\Documents\GitHub\ENY1N\Libs\Third-Party\stb\stb_vorbis.c(4006,41): warning C4244: '=': conversion from 'uint32' to 'uint8', possible loss of data
C:\Users\Rubén\Documents\GitHub\ENY1N\Libs\Third-Party\stb\stb_vorbis.c(4007,22): warning C4244: '=': conversion from 'uint32' to 'uint8', possible loss of data
C:\Users\Rubén\Documents\GitHub\ENY1N\Libs\Third-Party\stb\stb_vorbis.c(4013,25): warning C4244: '=': conversion from 'uint32' to 'uint8', possible loss of data
C:\Users\Rubén\Documents\GitHub\ENY1N\Libs\Third-Party\stb\stb_vorbis.c(4021,41): warning C4244: '=': conversion from 'uint32' to 'int16', possible loss of data
C:\Users\Rubén\Documents\GitHub\ENY1N\Libs\Third-Party\stb\stb_vorbis.c(4056,36): warning C4244: '=': conversion from 'uint32' to 'uint8', possible loss of data
C:\Users\Rubén\Documents\GitHub\ENY1N\Libs\Third-Party\stb\stb_vorbis.c(4062,43): warning C4244: '=': conversion from 'uint32' to 'uint16', possible loss of data
C:\Users\Rubén\Documents\GitHub\ENY1N\Libs\Third-Party\stb\stb_vorbis.c(4065,36): warning C4244: '=': conversion from 'uint32' to 'uint8', possible loss of data
C:\Users\Rubén\Documents\GitHub\ENY1N\Libs\Third-Party\stb\stb_vorbis.c(4066,32): warning C4244: '=': conversion from 'uint32' to 'uint8', possible loss of data
C:\Users\Rubén\Documents\GitHub\ENY1N\Libs\Third-Party\stb\stb_vorbis.c(4078,30): warning C4244: '=': conversion from 'uint32' to 'uint8', possible loss of data
C:\Users\Rubén\Documents\GitHub\ENY1N\Libs\Third-Party\stb\stb_vorbis.c(4088,31): warning C4244: '=': conversion from 'uint32' to 'uint8', possible loss of data
C:\Users\Rubén\Documents\GitHub\ENY1N\Libs\Third-Party\stb\stb_vorbis.c(4089,33): warning C4244: '=': conversion from 'uint32' to 'uint8', possible loss of data
C:\Users\Rubén\Documents\GitHub\ENY1N\Libs\Third-Party\stb\stb_vorbis.c(4099,22): warning C4244: '=': conversion from 'uint32' to 'uint8', possible loss of data
C:\Users\Rubén\Documents\GitHub\ENY1N\Libs\Third-Party\stb\stb_vorbis.c(4100,23): warning C4244: '=': conversion from 'uint32' to 'uint16', possible loss of data
C:\Users\Rubén\Documents\GitHub\ENY1N\Libs\Third-Party\stb\stb_vorbis.c(4101,26): warning C4244: '=': conversion from 'uint32' to 'uint16', possible loss of data
C:\Users\Rubén\Documents\GitHub\ENY1N\Libs\Third-Party\stb\stb_vorbis.c(4102,20): warning C4244: '=': conversion from 'uint32' to 'uint8', possible loss of data
C:\Users\Rubén\Documents\GitHub\ENY1N\Libs\Third-Party\stb\stb_vorbis.c(4142,11): warning C4456: declaration of 'i' hides previous local declaration
      C:\Users\Rubén\Documents\GitHub\ENY1N\Libs\Third-Party\stb\stb_vorbis.c(3567,12):
      see declaration of 'i'
  
C:\Users\Rubén\Documents\GitHub\ENY1N\Libs\Third-Party\stb\stb_vorbis.c(4011,25): warning C4244: 'initializing': conversion from 'uint32' to 'uint8', possible loss of data
C:\Users\Rubén\Documents\GitHub\ENY1N\Libs\Third-Party\stb\stb_vorbis.c(4377,43): warning C4245: '=': conversion from 'int' to 'uint32', signed/unsigned mismatch
C:\Users\Rubén\Documents\GitHub\ENY1N\Libs\Third-Party\stb\stb_vorbis.c(4392,11): warning C4456: declaration of 'n' hides previous local declaration
      C:\Users\Rubén\Documents\GitHub\ENY1N\Libs\Third-Party\stb\stb_vorbis.c(4336,10):
      see declaration of 'n'
  
C:\Users\Rubén\Documents\GitHub\ENY1N\Libs\Third-Party\stb\stb_vorbis.c(4560,20): warning C4456: declaration of 'i' hides previous local declaration
      C:\Users\Rubén\Documents\GitHub\ENY1N\Libs\Third-Party\stb\stb_vorbis.c(4549,14):
      see declaration of 'i'
  
C:\Users\Rubén\Documents\GitHub\ENY1N\Libs\Third-Party\stb\stb_vorbis.c(4576,40): warning C4244: 'function': conversion from 'int' to 'uint8', possible loss of data
C:\Users\Rubén\Documents\GitHub\ENY1N\Libs\Third-Party\stb\stb_vorbis.c(4848,23): warning C4244: '+=': conversion from 'int' to 'uint8', possible loss of data
C:\Users\Rubén\Documents\GitHub\ENY1N\Libs\Third-Party\stb\stb_vorbis.c(5151,17): warning C4244: '=': conversion from 'int' to 'short', possible loss of data
C:\Users\Rubén\Documents\GitHub\ENY1N\Libs\Third-Party\stb\stb_vorbis.c(5175,24): warning C4244: '=': conversion from 'int' to 'short', possible loss of data
C:\Users\Rubén\Documents\GitHub\ENY1N\Libs\Third-Party\stb\stb_vorbis.c(5214,25): warning C4244: '=': conversion from 'int' to 'short', possible loss of data
C:\Users\Rubén\Documents\GitHub\ENY1N\Libs\Third-Party\stb\stb_vorbis.c(5263,25): warning C4244: '=': conversion from 'int' to 'short', possible loss of data
C:\Users\Rubén\Documents\GitHub\ENY1N\Libs\Third-Party\stb\stb_vorbis.c(4738,1): warning C4701: potentially uninitialized local variable 'mid' used
  Libs.vcxproj -> C:\Users\Rubén\Documents\GitHub\ENY1N\Libs\x64\Debug\Libs.lib
