c:\users\rubén\documents\github\eny1n\libs\x64\debug\libs.pdb
c:\users\rubén\documents\github\eny1n\libs\x64\debug\libs.idb
c:\users\rubén\documents\github\eny1n\libs\x64\debug\transform.obj
c:\users\rubén\documents\github\eny1n\libs\x64\debug\matrix4x4.obj
c:\users\rubén\documents\github\eny1n\libs\x64\debug\vector3.obj
c:\users\rubén\documents\github\eny1n\libs\x64\debug\vector2.obj
c:\users\rubén\documents\github\eny1n\libs\x64\debug\imgui_impl_dx11.obj
c:\users\rubén\documents\github\eny1n\libs\x64\debug\imgui_widgets.obj
c:\users\rubén\documents\github\eny1n\libs\x64\debug\imgui_tables.obj
c:\users\rubén\documents\github\eny1n\libs\x64\debug\imgui_impl_win32.obj
c:\users\rubén\documents\github\eny1n\libs\x64\debug\imgui_draw.obj
c:\users\rubén\documents\github\eny1n\libs\x64\debug\imgui_demo.obj
c:\users\rubén\documents\github\eny1n\libs\x64\debug\imgui.obj
c:\users\rubén\documents\github\eny1n\libs\x64\debug\timemanager.obj
c:\users\rubén\documents\github\eny1n\libs\x64\debug\tiny_obj_loader.obj
c:\users\rubén\documents\github\eny1n\libs\x64\debug\imsequencer.obj
c:\users\rubén\documents\github\eny1n\libs\x64\debug\imguizmo.obj
c:\users\rubén\documents\github\eny1n\libs\x64\debug\imgradient.obj
c:\users\rubén\documents\github\eny1n\libs\x64\debug\imcurveedit.obj
c:\users\rubén\documents\github\eny1n\libs\x64\debug\grapheditor.obj
c:\users\rubén\documents\github\eny1n\libs\x64\debug\stb_vorbis.obj
c:\users\rubén\documents\github\eny1n\libs\x64\debug\libs.lib
c:\users\rubén\documents\github\eny1n\libs\x64\debug\matrix4x4.obj.enc
c:\users\rubén\documents\github\eny1n\libs\x64\debug\libs.tlog\cl.command.1.tlog
c:\users\rubén\documents\github\eny1n\libs\x64\debug\libs.tlog\cl.items.tlog
c:\users\rubén\documents\github\eny1n\libs\x64\debug\libs.tlog\cl.read.1.tlog
c:\users\rubén\documents\github\eny1n\libs\x64\debug\libs.tlog\cl.write.1.tlog
c:\users\rubén\documents\github\eny1n\libs\x64\debug\libs.tlog\lib-link.read.1.tlog
c:\users\rubén\documents\github\eny1n\libs\x64\debug\libs.tlog\lib-link.write.1.tlog
c:\users\rubén\documents\github\eny1n\libs\x64\debug\libs.tlog\lib.command.1.tlog
