c:\users\rubén\documents\github\eny1n\libs\x64\release\libs.pdb
c:\users\rubén\documents\github\eny1n\libs\x64\release\imgui_impl_dx11.obj
c:\users\rubén\documents\github\eny1n\libs\x64\release\imgui_widgets.obj
c:\users\rubén\documents\github\eny1n\libs\x64\release\imgui_tables.obj
c:\users\rubén\documents\github\eny1n\libs\x64\release\imgui_impl_win32.obj
c:\users\rubén\documents\github\eny1n\libs\x64\release\imgui_draw.obj
c:\users\rubén\documents\github\eny1n\libs\x64\release\imgui_demo.obj
c:\users\rubén\documents\github\eny1n\libs\x64\release\imgui.obj
c:\users\rubén\documents\github\eny1n\libs\x64\release\timemanager.obj
c:\users\rubén\documents\github\eny1n\libs\x64\release\tiny_obj_loader.obj
c:\users\rubén\documents\github\eny1n\libs\x64\release\imsequencer.obj
c:\users\rubén\documents\github\eny1n\libs\x64\release\imguizmo.obj
c:\users\rubén\documents\github\eny1n\libs\x64\release\imgradient.obj
c:\users\rubén\documents\github\eny1n\libs\x64\release\imcurveedit.obj
c:\users\rubén\documents\github\eny1n\libs\x64\release\grapheditor.obj
c:\users\rubén\documents\github\eny1n\libs\x64\release\stb_vorbis.obj
c:\users\rubén\documents\github\eny1n\libs\x64\release\vector3.obj
c:\users\rubén\documents\github\eny1n\libs\x64\release\vector2.obj
c:\users\rubén\documents\github\eny1n\libs\x64\release\transform.obj
c:\users\rubén\documents\github\eny1n\libs\x64\release\matrix4x4.obj
c:\users\rubén\documents\github\eny1n\libs\x64\release\libs.lib
c:\users\rubén\documents\github\eny1n\libs\x64\release\libs.tlog\cl.command.1.tlog
c:\users\rubén\documents\github\eny1n\libs\x64\release\libs.tlog\cl.items.tlog
c:\users\rubén\documents\github\eny1n\libs\x64\release\libs.tlog\cl.read.1.tlog
c:\users\rubén\documents\github\eny1n\libs\x64\release\libs.tlog\cl.write.1.tlog
c:\users\rubén\documents\github\eny1n\libs\x64\release\libs.tlog\lib-link.read.1.tlog
c:\users\rubén\documents\github\eny1n\libs\x64\release\libs.tlog\lib-link.write.1.tlog
c:\users\rubén\documents\github\eny1n\libs\x64\release\libs.tlog\lib.command.1.tlog
