  CollisionComponent.cpp
C:\Users\Rubén\Documents\GitHub\ENY1N\Game\ETT\Components\Component.h(28,83): error C2039: 'SHitEvent': is not a member of 'collisions'
  (compiling source file 'ETT/Components/CollisionComponent/CollisionComponent.cpp')
      C:\Users\Rubén\Documents\GitHub\ENY1N\Game\ETT\Components\Component.h(4,11):
      see declaration of 'collisions'
  
C:\Users\Rubén\Documents\GitHub\ENY1N\Game\ETT\Components\Component.h(28,65): error C4430: missing type specifier - int assumed. Note: C++ does not support default-int
  (compiling source file 'ETT/Components/CollisionComponent/CollisionComponent.cpp')
  
C:\Users\Rubén\Documents\GitHub\ENY1N\Game\ETT\Components\Component.h(28,92): error C2143: syntax error: missing ',' before '&'
  (compiling source file 'ETT/Components/CollisionComponent/CollisionComponent.cpp')
  
C:\Users\Rubén\Documents\GitHub\ENY1N\Game\ETT\Components\Component.h(29,82): error C2039: 'SHitEvent': is not a member of 'collisions'
  (compiling source file 'ETT/Components/CollisionComponent/CollisionComponent.cpp')
      C:\Users\Rubén\Documents\GitHub\ENY1N\Game\ETT\Components\Component.h(4,11):
      see declaration of 'collisions'
  
C:\Users\Rubén\Documents\GitHub\ENY1N\Game\ETT\Components\Component.h(29,64): error C4430: missing type specifier - int assumed. Note: C++ does not support default-int
  (compiling source file 'ETT/Components/CollisionComponent/CollisionComponent.cpp')
  
C:\Users\Rubén\Documents\GitHub\ENY1N\Game\ETT\Components\Component.h(29,91): error C2143: syntax error: missing ',' before '&'
  (compiling source file 'ETT/Components/CollisionComponent/CollisionComponent.cpp')
  
C:\Users\Rubén\Documents\GitHub\ENY1N\Game\ETT\Components\Component.h(30,82): error C2039: 'SHitEvent': is not a member of 'collisions'
  (compiling source file 'ETT/Components/CollisionComponent/CollisionComponent.cpp')
      C:\Users\Rubén\Documents\GitHub\ENY1N\Game\ETT\Components\Component.h(4,11):
      see declaration of 'collisions'
  
C:\Users\Rubén\Documents\GitHub\ENY1N\Game\ETT\Components\Component.h(30,64): error C4430: missing type specifier - int assumed. Note: C++ does not support default-int
  (compiling source file 'ETT/Components/CollisionComponent/CollisionComponent.cpp')
  
C:\Users\Rubén\Documents\GitHub\ENY1N\Game\ETT\Components\Component.h(30,91): error C2143: syntax error: missing ',' before '&'
  (compiling source file 'ETT/Components/CollisionComponent/CollisionComponent.cpp')
  
C:\Users\Rubén\Documents\GitHub\ENY1N\Game\ETT\Components\RigidbodyComponent\RigidbodyComponent.h(29,18): error C3668: 'game::CRigidbodyComponent::OnCollisionEnter': method with override specifier 'override' did not override any base class methods
  (compiling source file 'ETT/Components/CollisionComponent/CollisionComponent.cpp')
  
C:\Users\Rubén\Documents\GitHub\ENY1N\Game\ETT\Components\RigidbodyComponent\RigidbodyComponent.h(30,18): error C3668: 'game::CRigidbodyComponent::OnCollisionExit': method with override specifier 'override' did not override any base class methods
  (compiling source file 'ETT/Components/CollisionComponent/CollisionComponent.cpp')
  
  LightComponent.cpp
C:\Users\Rubén\Documents\GitHub\ENY1N\Game\ETT\Components\Component.h(28,83): error C2039: 'SHitEvent': is not a member of 'collisions'
  (compiling source file 'ETT/Components/LightComponent/LightComponent.cpp')
      C:\Users\Rubén\Documents\GitHub\ENY1N\Game\ETT\Components\Component.h(4,11):
      see declaration of 'collisions'
  
C:\Users\Rubén\Documents\GitHub\ENY1N\Game\ETT\Components\Component.h(28,65): error C4430: missing type specifier - int assumed. Note: C++ does not support default-int
  (compiling source file 'ETT/Components/LightComponent/LightComponent.cpp')
  
C:\Users\Rubén\Documents\GitHub\ENY1N\Game\ETT\Components\Component.h(28,92): error C2143: syntax error: missing ',' before '&'
  (compiling source file 'ETT/Components/LightComponent/LightComponent.cpp')
  
C:\Users\Rubén\Documents\GitHub\ENY1N\Game\ETT\Components\Component.h(29,82): error C2039: 'SHitEvent': is not a member of 'collisions'
  (compiling source file 'ETT/Components/LightComponent/LightComponent.cpp')
      C:\Users\Rubén\Documents\GitHub\ENY1N\Game\ETT\Components\Component.h(4,11):
      see declaration of 'collisions'
  
C:\Users\Rubén\Documents\GitHub\ENY1N\Game\ETT\Components\Component.h(29,64): error C4430: missing type specifier - int assumed. Note: C++ does not support default-int
  (compiling source file 'ETT/Components/LightComponent/LightComponent.cpp')
  
C:\Users\Rubén\Documents\GitHub\ENY1N\Game\ETT\Components\Component.h(29,91): error C2143: syntax error: missing ',' before '&'
  (compiling source file 'ETT/Components/LightComponent/LightComponent.cpp')
  
C:\Users\Rubén\Documents\GitHub\ENY1N\Game\ETT\Components\Component.h(30,82): error C2039: 'SHitEvent': is not a member of 'collisions'
  (compiling source file 'ETT/Components/LightComponent/LightComponent.cpp')
      C:\Users\Rubén\Documents\GitHub\ENY1N\Game\ETT\Components\Component.h(4,11):
      see declaration of 'collisions'
  
C:\Users\Rubén\Documents\GitHub\ENY1N\Game\ETT\Components\Component.h(30,64): error C4430: missing type specifier - int assumed. Note: C++ does not support default-int
  (compiling source file 'ETT/Components/LightComponent/LightComponent.cpp')
  
C:\Users\Rubén\Documents\GitHub\ENY1N\Game\ETT\Components\Component.h(30,91): error C2143: syntax error: missing ',' before '&'
  (compiling source file 'ETT/Components/LightComponent/LightComponent.cpp')
  
  ModelComponent.cpp
C:\Users\Rubén\Documents\GitHub\ENY1N\Game\ETT\Components\Component.h(28,83): error C2039: 'SHitEvent': is not a member of 'collisions'
  (compiling source file 'ETT/Components/ModelComponent/ModelComponent.cpp')
      C:\Users\Rubén\Documents\GitHub\ENY1N\Game\ETT\Components\Component.h(4,11):
      see declaration of 'collisions'
  
C:\Users\Rubén\Documents\GitHub\ENY1N\Game\ETT\Components\Component.h(28,65): error C4430: missing type specifier - int assumed. Note: C++ does not support default-int
  (compiling source file 'ETT/Components/ModelComponent/ModelComponent.cpp')
  
C:\Users\Rubén\Documents\GitHub\ENY1N\Game\ETT\Components\Component.h(28,92): error C2143: syntax error: missing ',' before '&'
  (compiling source file 'ETT/Components/ModelComponent/ModelComponent.cpp')
  
C:\Users\Rubén\Documents\GitHub\ENY1N\Game\ETT\Components\Component.h(29,82): error C2039: 'SHitEvent': is not a member of 'collisions'
  (compiling source file 'ETT/Components/ModelComponent/ModelComponent.cpp')
      C:\Users\Rubén\Documents\GitHub\ENY1N\Game\ETT\Components\Component.h(4,11):
      see declaration of 'collisions'
  
C:\Users\Rubén\Documents\GitHub\ENY1N\Game\ETT\Components\Component.h(29,64): error C4430: missing type specifier - int assumed. Note: C++ does not support default-int
  (compiling source file 'ETT/Components/ModelComponent/ModelComponent.cpp')
  
C:\Users\Rubén\Documents\GitHub\ENY1N\Game\ETT\Components\Component.h(29,91): error C2143: syntax error: missing ',' before '&'
  (compiling source file 'ETT/Components/ModelComponent/ModelComponent.cpp')
  
C:\Users\Rubén\Documents\GitHub\ENY1N\Game\ETT\Components\Component.h(30,82): error C2039: 'SHitEvent': is not a member of 'collisions'
  (compiling source file 'ETT/Components/ModelComponent/ModelComponent.cpp')
      C:\Users\Rubén\Documents\GitHub\ENY1N\Game\ETT\Components\Component.h(4,11):
      see declaration of 'collisions'
  
C:\Users\Rubén\Documents\GitHub\ENY1N\Game\ETT\Components\Component.h(30,64): error C4430: missing type specifier - int assumed. Note: C++ does not support default-int
  (compiling source file 'ETT/Components/ModelComponent/ModelComponent.cpp')
  
C:\Users\Rubén\Documents\GitHub\ENY1N\Game\ETT\Components\Component.h(30,91): error C2143: syntax error: missing ',' before '&'
  (compiling source file 'ETT/Components/ModelComponent/ModelComponent.cpp')
  
  RigidbodyComponent.cpp
C:\Users\Rubén\Documents\GitHub\ENY1N\Game\ETT\Components\Component.h(28,83): error C2039: 'SHitEvent': is not a member of 'collisions'
  (compiling source file 'ETT/Components/RigidbodyComponent/RigidbodyComponent.cpp')
      C:\Users\Rubén\Documents\GitHub\ENY1N\Game\ETT\Components\Component.h(4,11):
      see declaration of 'collisions'
  
C:\Users\Rubén\Documents\GitHub\ENY1N\Game\ETT\Components\Component.h(28,65): error C4430: missing type specifier - int assumed. Note: C++ does not support default-int
  (compiling source file 'ETT/Components/RigidbodyComponent/RigidbodyComponent.cpp')
  
C:\Users\Rubén\Documents\GitHub\ENY1N\Game\ETT\Components\Component.h(28,92): error C2143: syntax error: missing ',' before '&'
  (compiling source file 'ETT/Components/RigidbodyComponent/RigidbodyComponent.cpp')
  
C:\Users\Rubén\Documents\GitHub\ENY1N\Game\ETT\Components\Component.h(29,82): error C2039: 'SHitEvent': is not a member of 'collisions'
  (compiling source file 'ETT/Components/RigidbodyComponent/RigidbodyComponent.cpp')
      C:\Users\Rubén\Documents\GitHub\ENY1N\Game\ETT\Components\Component.h(4,11):
      see declaration of 'collisions'
  
C:\Users\Rubén\Documents\GitHub\ENY1N\Game\ETT\Components\Component.h(29,64): error C4430: missing type specifier - int assumed. Note: C++ does not support default-int
  (compiling source file 'ETT/Components/RigidbodyComponent/RigidbodyComponent.cpp')
  
C:\Users\Rubén\Documents\GitHub\ENY1N\Game\ETT\Components\Component.h(29,91): error C2143: syntax error: missing ',' before '&'
  (compiling source file 'ETT/Components/RigidbodyComponent/RigidbodyComponent.cpp')
  
C:\Users\Rubén\Documents\GitHub\ENY1N\Game\ETT\Components\Component.h(30,82): error C2039: 'SHitEvent': is not a member of 'collisions'
  (compiling source file 'ETT/Components/RigidbodyComponent/RigidbodyComponent.cpp')
      C:\Users\Rubén\Documents\GitHub\ENY1N\Game\ETT\Components\Component.h(4,11):
      see declaration of 'collisions'
  
C:\Users\Rubén\Documents\GitHub\ENY1N\Game\ETT\Components\Component.h(30,64): error C4430: missing type specifier - int assumed. Note: C++ does not support default-int
  (compiling source file 'ETT/Components/RigidbodyComponent/RigidbodyComponent.cpp')
  
C:\Users\Rubén\Documents\GitHub\ENY1N\Game\ETT\Components\Component.h(30,91): error C2143: syntax error: missing ',' before '&'
  (compiling source file 'ETT/Components/RigidbodyComponent/RigidbodyComponent.cpp')
  
C:\Users\Rubén\Documents\GitHub\ENY1N\Game\ETT\Components\RigidbodyComponent\RigidbodyComponent.h(29,18): error C3668: 'game::CRigidbodyComponent::OnCollisionEnter': method with override specifier 'override' did not override any base class methods
  (compiling source file 'ETT/Components/RigidbodyComponent/RigidbodyComponent.cpp')
  
C:\Users\Rubén\Documents\GitHub\ENY1N\Game\ETT\Components\RigidbodyComponent\RigidbodyComponent.h(30,18): error C3668: 'game::CRigidbodyComponent::OnCollisionExit': method with override specifier 'override' did not override any base class methods
  (compiling source file 'ETT/Components/RigidbodyComponent/RigidbodyComponent.cpp')
  
  Entity.cpp
C:\Users\Rubén\Documents\GitHub\ENY1N\Game\ETT\Components\Component.h(28,83): error C2039: 'SHitEvent': is not a member of 'collisions'
  (compiling source file 'ETT/Entity.cpp')
      C:\Users\Rubén\Documents\GitHub\ENY1N\Game\ETT\Components\Component.h(4,11):
      see declaration of 'collisions'
  
C:\Users\Rubén\Documents\GitHub\ENY1N\Game\ETT\Components\Component.h(28,65): error C4430: missing type specifier - int assumed. Note: C++ does not support default-int
  (compiling source file 'ETT/Entity.cpp')
  
C:\Users\Rubén\Documents\GitHub\ENY1N\Game\ETT\Components\Component.h(28,92): error C2143: syntax error: missing ',' before '&'
  (compiling source file 'ETT/Entity.cpp')
  
C:\Users\Rubén\Documents\GitHub\ENY1N\Game\ETT\Components\Component.h(29,82): error C2039: 'SHitEvent': is not a member of 'collisions'
  (compiling source file 'ETT/Entity.cpp')
      C:\Users\Rubén\Documents\GitHub\ENY1N\Game\ETT\Components\Component.h(4,11):
      see declaration of 'collisions'
  
C:\Users\Rubén\Documents\GitHub\ENY1N\Game\ETT\Components\Component.h(29,64): error C4430: missing type specifier - int assumed. Note: C++ does not support default-int
  (compiling source file 'ETT/Entity.cpp')
  
C:\Users\Rubén\Documents\GitHub\ENY1N\Game\ETT\Components\Component.h(29,91): error C2143: syntax error: missing ',' before '&'
  (compiling source file 'ETT/Entity.cpp')
  
C:\Users\Rubén\Documents\GitHub\ENY1N\Game\ETT\Components\Component.h(30,82): error C2039: 'SHitEvent': is not a member of 'collisions'
  (compiling source file 'ETT/Entity.cpp')
      C:\Users\Rubén\Documents\GitHub\ENY1N\Game\ETT\Components\Component.h(4,11):
      see declaration of 'collisions'
  
C:\Users\Rubén\Documents\GitHub\ENY1N\Game\ETT\Components\Component.h(30,64): error C4430: missing type specifier - int assumed. Note: C++ does not support default-int
  (compiling source file 'ETT/Entity.cpp')
  
C:\Users\Rubén\Documents\GitHub\ENY1N\Game\ETT\Components\Component.h(30,91): error C2143: syntax error: missing ',' before '&'
  (compiling source file 'ETT/Entity.cpp')
  
C:\Users\Rubén\Documents\GitHub\ENY1N\Game\ETT\Entity.cpp(201,21): error C2664: 'void game::CComponent::OnCollisionEnter(const collisions::CCollider *,const int)': cannot convert argument 2 from 'const collisions::SHitEvent' to 'const int'
      C:\Users\Rubén\Documents\GitHub\ENY1N\Game\ETT\Entity.cpp(201,50):
      No user-defined-conversion operator available that can perform this conversion, or the operator cannot be called
      C:\Users\Rubén\Documents\GitHub\ENY1N\Game\ETT\Components\Component.h(28,18):
      see declaration of 'game::CComponent::OnCollisionEnter'
      C:\Users\Rubén\Documents\GitHub\ENY1N\Game\ETT\Entity.cpp(201,21):
      while trying to match the argument list '(const collisions::CCollider *, const collisions::SHitEvent)'
  
C:\Users\Rubén\Documents\GitHub\ENY1N\Game\ETT\Entity.cpp(215,21): error C2664: 'void game::CComponent::OnCollisionStay(const collisions::CCollider *,const int)': cannot convert argument 2 from 'const collisions::SHitEvent' to 'const int'
      C:\Users\Rubén\Documents\GitHub\ENY1N\Game\ETT\Entity.cpp(215,49):
      No user-defined-conversion operator available that can perform this conversion, or the operator cannot be called
      C:\Users\Rubén\Documents\GitHub\ENY1N\Game\ETT\Components\Component.h(29,18):
      see declaration of 'game::CComponent::OnCollisionStay'
      C:\Users\Rubén\Documents\GitHub\ENY1N\Game\ETT\Entity.cpp(215,21):
      while trying to match the argument list '(const collisions::CCollider *, const collisions::SHitEvent)'
  
C:\Users\Rubén\Documents\GitHub\ENY1N\Game\ETT\Entity.cpp(229,21): error C2664: 'void game::CComponent::OnCollisionExit(const collisions::CCollider *,const int)': cannot convert argument 2 from 'const collisions::SHitEvent' to 'const int'
      C:\Users\Rubén\Documents\GitHub\ENY1N\Game\ETT\Entity.cpp(229,49):
      No user-defined-conversion operator available that can perform this conversion, or the operator cannot be called
      C:\Users\Rubén\Documents\GitHub\ENY1N\Game\ETT\Components\Component.h(30,18):
      see declaration of 'game::CComponent::OnCollisionExit'
      C:\Users\Rubén\Documents\GitHub\ENY1N\Game\ETT\Entity.cpp(229,21):
      while trying to match the argument list '(const collisions::CCollider *, const collisions::SHitEvent)'
  
  GameManager.cpp
