d:\projects\personal\eny1n\gameapp\x64\debug\vc143.pdb
d:\projects\personal\eny1n\gameapp\x64\debug\vc143.idb
d:\projects\personal\eny1n\gameapp\x64\debug\main.obj
d:\projects\personal\eny1n\gameapp\x64\debug\gameapp.ilk
d:\projects\personal\eny1n\gameapp\x64\debug\gameapp.pdb
d:\projects\personal\eny1n\gameapp\x64\debug\gameapp.tlog\cl.command.1.tlog
d:\projects\personal\eny1n\gameapp\x64\debug\gameapp.tlog\cl.items.tlog
d:\projects\personal\eny1n\gameapp\x64\debug\gameapp.tlog\cl.read.1.tlog
d:\projects\personal\eny1n\gameapp\x64\debug\gameapp.tlog\cl.write.1.tlog
d:\projects\personal\eny1n\gameapp\x64\debug\gameapp.tlog\link-cvtres.read.1.tlog
d:\projects\personal\eny1n\gameapp\x64\debug\gameapp.tlog\link-cvtres.write.1.tlog
d:\projects\personal\eny1n\gameapp\x64\debug\gameapp.tlog\link-rc.read.1.tlog
d:\projects\personal\eny1n\gameapp\x64\debug\gameapp.tlog\link-rc.write.1.tlog
d:\projects\personal\eny1n\gameapp\x64\debug\gameapp.tlog\link.3324-cvtres.read.1.tlog
d:\projects\personal\eny1n\gameapp\x64\debug\gameapp.tlog\link.3324-cvtres.write.1.tlog
d:\projects\personal\eny1n\gameapp\x64\debug\gameapp.tlog\link.3324-rc.read.1.tlog
d:\projects\personal\eny1n\gameapp\x64\debug\gameapp.tlog\link.3324-rc.write.1.tlog
d:\projects\personal\eny1n\gameapp\x64\debug\gameapp.tlog\link.3324.read.1.tlog
d:\projects\personal\eny1n\gameapp\x64\debug\gameapp.tlog\link.3324.read.2.tlog
d:\projects\personal\eny1n\gameapp\x64\debug\gameapp.tlog\link.3324.read.3.tlog
d:\projects\personal\eny1n\gameapp\x64\debug\gameapp.tlog\link.3324.read.4.tlog
d:\projects\personal\eny1n\gameapp\x64\debug\gameapp.tlog\link.3324.read.5.tlog
d:\projects\personal\eny1n\gameapp\x64\debug\gameapp.tlog\link.3324.write.1.tlog
d:\projects\personal\eny1n\gameapp\x64\debug\gameapp.tlog\link.command.1.tlog
d:\projects\personal\eny1n\gameapp\x64\debug\gameapp.tlog\link.read.1.tlog
d:\projects\personal\eny1n\gameapp\x64\debug\gameapp.tlog\link.read.2.tlog
d:\projects\personal\eny1n\gameapp\x64\debug\gameapp.tlog\link.read.3.tlog
d:\projects\personal\eny1n\gameapp\x64\debug\gameapp.tlog\link.read.4.tlog
d:\projects\personal\eny1n\gameapp\x64\debug\gameapp.tlog\link.read.5.tlog
d:\projects\personal\eny1n\gameapp\x64\debug\gameapp.tlog\link.secondary.1.tlog
d:\projects\personal\eny1n\gameapp\x64\debug\gameapp.tlog\link.write.1.tlog
